<?xml version="1.0" encoding="UTF-8"?>
<!-- Generated by org.testng.reporters.JUnitXMLReporter -->
<testsuite ignored="6" hostname="LAPTOP-DQI6K8K1" failures="0" tests="2" name="Default test" time="84.425" errors="0" timestamp="2023-04-25T16:44:45 IST">
  <testcase classname="driverFctory.DriverSctript" name="satrtTest" time="31.0"/>
  <testcase classname="driverFactory.TestScript" name="startTest" time="38.656"/>
  <testcase classname="config.AppUtil" name="@BeforeTest setUp" time="0.0">
    <ignored/>
  </testcase> <!-- @BeforeTest setUp -->
  <testcase classname="config.AppUtil" name="@BeforeTest setUp" time="0.0">
    <ignored/>
  </testcase> <!-- @BeforeTest setUp -->
  <testcase classname="config.AppUtilPom" name="@AfterTest tearDown" time="0.0">
    <ignored/>
  </testcase> <!-- @AfterTest tearDown -->
  <testcase classname="config.AppUtil" name="@AfterTest tearDown" time="0.0">
    <ignored/>
  </testcase> <!-- @AfterTest tearDown -->
  <testcase classname="config.AppUtil" name="@AfterTest tearDown" time="0.0">
    <ignored/>
  </testcase> <!-- @AfterTest tearDown -->
  <testcase classname="config.AppUtilPom" name="@BeforeTest AdminLogin" time="0.0">
    <ignored/>
  </testcase> <!-- @BeforeTest AdminLogin -->
</testsuite> <!-- Default test -->
